[debug] [2023-04-03T11:13:13.149Z] ----------------------------------------------------------------------
[debug] [2023-04-03T11:13:13.151Z] Command:       C:\Program Files\nodejs\node.exe C:\Users\dhruv\AppData\Roaming\npm\node_modules\firebase-tools\lib\bin\firebase.js init
[debug] [2023-04-03T11:13:13.152Z] CLI Version:   11.25.2
[debug] [2023-04-03T11:13:13.152Z] Platform:      win32
[debug] [2023-04-03T11:13:13.152Z] Node Version:  v16.15.1
[debug] [2023-04-03T11:13:13.153Z] Time:          Mon Apr 03 2023 16:43:13 GMT+0530 (India Standard Time)
[debug] [2023-04-03T11:13:13.154Z] ----------------------------------------------------------------------
[debug] 
[debug] [2023-04-03T11:13:13.165Z] > command requires scopes: ["email","openid","https://www.googleapis.com/auth/cloudplatformprojects.readonly","https://www.googleapis.com/auth/firebase","https://www.googleapis.com/auth/cloud-platform"]
[debug] [2023-04-03T11:13:13.166Z] > authorizing via signed-in user (dhruvmillu@gmail.com)
[info] 
     ######## #### ########  ######## ########     ###     ######  ########
     ##        ##  ##     ## ##       ##     ##  ##   ##  ##       ##
     ######    ##  ########  ######   ########  #########  ######  ######
     ##        ##  ##    ##  ##       ##     ## ##     ##       ## ##
     ##       #### ##     ## ######## ########  ##     ##  ######  ########

You're about to initialize a Firebase project in this directory:

  D:\Web Projects\Web Projects\web3\Reclaim protocol\frontend\reclaim-frnt-end

[info] 
=== Project Setup
[info] 
[info] First, let's associate this project directory with a Firebase project.
[info] You can create multiple project aliases by running firebase use --add, 
[info] but for now we'll just set up a default project.
[info] 
[debug] [2023-04-03T11:13:26.770Z] >>> [apiv2][query] GET https://firebase.googleapis.com/v1beta1/projects pageSize=100
[debug] [2023-04-03T11:13:28.321Z] <<< [apiv2][status] GET https://firebase.googleapis.com/v1beta1/projects 200
[debug] [2023-04-03T11:13:28.321Z] <<< [apiv2][body] GET https://firebase.googleapis.com/v1beta1/projects [omitted]
[info] i  Using project reclaim-protocol (Reclaim-protocol) 
[info] 
=== Firestore Setup
[debug] [2023-04-03T11:13:32.535Z] >>> [apiv2][query] GET https://serviceusage.googleapis.com/v1/projects/reclaim-protocol/services/firestore.googleapis.com [none]
[debug] [2023-04-03T11:13:32.535Z] >>> [apiv2][(partial)header] GET https://serviceusage.googleapis.com/v1/projects/reclaim-protocol/services/firestore.googleapis.com x-goog-quota-user=projects/reclaim-protocol
[debug] [2023-04-03T11:13:34.041Z] <<< [apiv2][status] GET https://serviceusage.googleapis.com/v1/projects/reclaim-protocol/services/firestore.googleapis.com 200
[debug] [2023-04-03T11:13:34.042Z] <<< [apiv2][body] GET https://serviceusage.googleapis.com/v1/projects/reclaim-protocol/services/firestore.googleapis.com [omitted]
[debug] [2023-04-03T11:13:34.045Z] >>> [apiv2][query] GET https://firestore.googleapis.com/v1/projects/reclaim-protocol/databases/(default) [none]
[debug] [2023-04-03T11:13:35.560Z] <<< [apiv2][status] GET https://firestore.googleapis.com/v1/projects/reclaim-protocol/databases/(default) 200
[debug] [2023-04-03T11:13:35.561Z] <<< [apiv2][body] GET https://firestore.googleapis.com/v1/projects/reclaim-protocol/databases/(default) {"name":"projects/reclaim-protocol/databases/(default)","uid":"959c9e3d-98fa-4953-8e83-189708d9fa62","createTime":"2023-04-03T11:12:52.180758Z","updateTime":"2023-04-03T11:12:52.180758Z","locationId":"asia-south1","type":"FIRESTORE_NATIVE","concurrencyMode":"PESSIMISTIC","appEngineIntegrationMode":"DISABLED","keyPrefix":"j","deleteProtectionState":"DELETE_PROTECTION_DISABLED","etag":"IPvP/bLKjf4CMJauyZ7Kjf4C"}
[debug] [2023-04-03T11:13:35.561Z] database_type: FIRESTORE_NATIVE
[debug] [2023-04-03T11:13:35.561Z] > command requires scopes: ["email","openid","https://www.googleapis.com/auth/cloudplatformprojects.readonly","https://www.googleapis.com/auth/firebase","https://www.googleapis.com/auth/cloud-platform"]
[debug] [2023-04-03T11:13:35.562Z] > authorizing via signed-in user (dhruvmillu@gmail.com)
[debug] [2023-04-03T11:13:35.562Z] [iam] checking project reclaim-protocol for permissions ["firebase.projects.get"]
[debug] [2023-04-03T11:13:35.562Z] >>> [apiv2][query] POST https://cloudresourcemanager.googleapis.com/v1/projects/reclaim-protocol:testIamPermissions [none]
[debug] [2023-04-03T11:13:35.562Z] >>> [apiv2][(partial)header] POST https://cloudresourcemanager.googleapis.com/v1/projects/reclaim-protocol:testIamPermissions x-goog-quota-user=projects/reclaim-protocol
[debug] [2023-04-03T11:13:35.563Z] >>> [apiv2][body] POST https://cloudresourcemanager.googleapis.com/v1/projects/reclaim-protocol:testIamPermissions {"permissions":["firebase.projects.get"]}
[debug] [2023-04-03T11:13:38.399Z] <<< [apiv2][status] POST https://cloudresourcemanager.googleapis.com/v1/projects/reclaim-protocol:testIamPermissions 200
[debug] [2023-04-03T11:13:38.400Z] <<< [apiv2][body] POST https://cloudresourcemanager.googleapis.com/v1/projects/reclaim-protocol:testIamPermissions {"permissions":["firebase.projects.get"]}
[info] 
[info] Firestore Security Rules allow you to define how and when to allow
[info] requests. You can keep these rules in your project directory
[info] and publish them with firebase deploy.
[info] 
[debug] [2023-04-03T11:13:52.015Z] >>> [apiv2][query] GET https://firebaserules.googleapis.com/v1/projects/reclaim-protocol/releases pageSize=10&pageToken=
[debug] [2023-04-03T11:13:54.543Z] <<< [apiv2][status] GET https://firebaserules.googleapis.com/v1/projects/reclaim-protocol/releases 200
[debug] [2023-04-03T11:13:54.543Z] <<< [apiv2][body] GET https://firebaserules.googleapis.com/v1/projects/reclaim-protocol/releases {"releases":[{"name":"projects/reclaim-protocol/releases/cloud.firestore","rulesetName":"projects/reclaim-protocol/rulesets/dfc0fa3d-6514-4fcc-9b05-7e8d0a138a09","createTime":"2023-04-03T11:12:59.822561Z","updateTime":"2023-04-03T11:12:59.822561Z"}]}
[debug] [2023-04-03T11:13:54.544Z] Found ruleset: projects/reclaim-protocol/rulesets/dfc0fa3d-6514-4fcc-9b05-7e8d0a138a09
[debug] [2023-04-03T11:13:54.545Z] >>> [apiv2][query] GET https://firebaserules.googleapis.com/v1/projects/reclaim-protocol/rulesets/dfc0fa3d-6514-4fcc-9b05-7e8d0a138a09 [none]
[debug] [2023-04-03T11:13:56.501Z] <<< [apiv2][status] GET https://firebaserules.googleapis.com/v1/projects/reclaim-protocol/rulesets/dfc0fa3d-6514-4fcc-9b05-7e8d0a138a09 200
[debug] [2023-04-03T11:13:56.501Z] <<< [apiv2][body] GET https://firebaserules.googleapis.com/v1/projects/reclaim-protocol/rulesets/dfc0fa3d-6514-4fcc-9b05-7e8d0a138a09 [omitted]
[info] 
[info] Firestore indexes allow you to perform complex queries while
[info] maintaining performance that scales with the size of the result
[info] set. You can keep index definitions in your project directory
[info] and publish them with firebase deploy.
[info] 
[debug] [2023-04-03T11:14:02.413Z] >>> [apiv2][query] GET https://firestore.googleapis.com/v1/projects/reclaim-protocol/databases/(default)/collectionGroups/-/indexes [none]
[debug] [2023-04-03T11:14:02.415Z] >>> [apiv2][query] GET https://firestore.googleapis.com/v1/projects/reclaim-protocol/databases/(default)/collectionGroups/-/fields?filter=indexConfig.usesAncestorConfig=false OR ttlConfig:* [none]
[debug] [2023-04-03T11:14:02.873Z] <<< [apiv2][status] GET https://firestore.googleapis.com/v1/projects/reclaim-protocol/databases/(default)/collectionGroups/-/indexes 200
[debug] [2023-04-03T11:14:02.873Z] <<< [apiv2][body] GET https://firestore.googleapis.com/v1/projects/reclaim-protocol/databases/(default)/collectionGroups/-/indexes {}
[debug] [2023-04-03T11:14:03.012Z] <<< [apiv2][status] GET https://firestore.googleapis.com/v1/projects/reclaim-protocol/databases/(default)/collectionGroups/-/fields?filter=indexConfig.usesAncestorConfig=false OR ttlConfig:* 200
[debug] [2023-04-03T11:14:03.012Z] <<< [apiv2][body] GET https://firestore.googleapis.com/v1/projects/reclaim-protocol/databases/(default)/collectionGroups/-/fields?filter=indexConfig.usesAncestorConfig=false OR ttlConfig:* {"fields":[{"name":"projects/reclaim-protocol/databases/(default)/collectionGroups/__default__/fields/*","indexConfig":{"indexes":[{"queryScope":"COLLECTION","fields":[{"fieldPath":"*","order":"ASCENDING"}],"state":"READY"},{"queryScope":"COLLECTION","fields":[{"fieldPath":"*","order":"DESCENDING"}],"state":"READY"},{"queryScope":"COLLECTION","fields":[{"fieldPath":"*","arrayConfig":"CONTAINS"}],"state":"READY"}]}}]}
[info] 
=== Hosting Setup
[info] 
[info] Your public directory is the folder (relative to your project directory) that
[info] will contain Hosting assets to be uploaded with firebase deploy. If you
[info] have a build process for your assets, use your build's output directory.
[info] 
[debug] [2023-04-03T11:14:18.721Z] >>> [apiv2][query] GET https://www.gstatic.com/firebasejs/releases.json [none]
[debug] [2023-04-03T11:14:19.416Z] <<< [apiv2][status] GET https://www.gstatic.com/firebasejs/releases.json 200
[debug] [2023-04-03T11:14:19.417Z] <<< [apiv2][body] GET https://www.gstatic.com/firebasejs/releases.json {"current":{"version":"9.19.1","browserURL":"https://www.gstatic.com/firebasejs/9.19.1/firebase.js","packageURL":"https://www.gstatic.com/firebasejs/9.19.1/firebase.tgz"},"live":{"version":"9.19","browserURL":"https://www.gstatic.com/firebasejs/live/9.19/firebase.js","packageURL":"https://www.gstatic.com/firebasejs/live/9.19/firebase.tgz"},"components":{"analytics":"https://www.gstatic.com/firebasejs/9.19.1/firebase-analytics.js","app":"https://www.gstatic.com/firebasejs/9.19.1/firebase-app.js","app-check":"https://www.gstatic.com/firebasejs/9.19.1/firebase-app-check.js","auth":"https://www.gstatic.com/firebasejs/9.19.1/firebase-auth.js","auth/cordova":"https://www.gstatic.com/firebasejs/9.19.1/firebase-auth/cordova.js","auth/react-native":"https://www.gstatic.com/firebasejs/9.19.1/firebase-auth/react-native.js","functions":"https://www.gstatic.com/firebasejs/9.19.1/firebase-functions.js","firestore":"https://www.gstatic.com/firebasejs/9.19.1/firebase-firestore.js","firestore/lite":"https://www.gstatic.com/firebasejs/9.19.1/firebase-firestore/lite.js","installations":"https://www.gstatic.com/firebasejs/9.19.1/firebase-installations.js","storage":"https://www.gstatic.com/firebasejs/9.19.1/firebase-storage.js","performance":"https://www.gstatic.com/firebasejs/9.19.1/firebase-performance.js","remote-config":"https://www.gstatic.com/firebasejs/9.19.1/firebase-remote-config.js","messaging":"https://www.gstatic.com/firebasejs/9.19.1/firebase-messaging.js","messaging/sw":"https://www.gstatic.com/firebasejs/9.19.1/firebase-messaging/sw.js","database":"https://www.gstatic.com/firebasejs/9.19.1/firebase-database.js","firestore.memory":"https://www.gstatic.com/firebasejs/9.19.1/firebase-firestore.memory.js"}}
[info] i  Skipping write of public/index.html 
[info] 
[info] i  Detected a .git folder at D:\Web Projects\Web Projects\web3\Reclaim protocol\frontend\reclaim-frnt-end 
[info] i  Authorizing with GitHub to upload your service account to a GitHub repository's secrets store. 
[info] 
[info] Visit this URL on this device to log in:
[info] https://github.com/login/oauth/authorize?client_id=89cf50f02ac6aaed3484&state=791587753&redirect_uri=http%3A%2F%2Flocalhost%3A9005&scope=read%3Auser%20repo%20public_repo
[info] 
[info] Waiting for authentication...
[debug] [2023-04-03T11:14:52.430Z] >>> [apiv2][query] POST https://github.com/login/oauth/access_token [none]
[debug] [2023-04-03T11:14:52.430Z] >>> [apiv2][body] POST https://github.com/login/oauth/access_token [stream]
[debug] [2023-04-03T11:14:54.757Z] <<< [apiv2][status] POST https://github.com/login/oauth/access_token 200
[debug] [2023-04-03T11:14:54.758Z] <<< [apiv2][body] POST https://github.com/login/oauth/access_token {"access_token":"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","token_type":"bearer","scope":"read:user,repo"}
[debug] [2023-04-03T11:14:54.779Z] >>> [apiv2][query] GET https://api.github.com/user [none]
[debug] [2023-04-03T11:14:56.773Z] <<< [apiv2][status] GET https://api.github.com/user 200
[debug] [2023-04-03T11:14:56.774Z] <<< [apiv2][body] GET https://api.github.com/user {"login":"dhruvmillu","id":75222710,"node_id":"MDQ6VXNlcjc1MjIyNzEw","avatar_url":"https://avatars.githubusercontent.com/u/75222710?v=4","gravatar_id":"","url":"https://api.github.com/users/dhruvmillu","html_url":"https://github.com/dhruvmillu","followers_url":"https://api.github.com/users/dhruvmillu/followers","following_url":"https://api.github.com/users/dhruvmillu/following{/other_user}","gists_url":"https://api.github.com/users/dhruvmillu/gists{/gist_id}","starred_url":"https://api.github.com/users/dhruvmillu/starred{/owner}{/repo}","subscriptions_url":"https://api.github.com/users/dhruvmillu/subscriptions","organizations_url":"https://api.github.com/users/dhruvmillu/orgs","repos_url":"https://api.github.com/users/dhruvmillu/repos","events_url":"https://api.github.com/users/dhruvmillu/events{/privacy}","received_events_url":"https://api.github.com/users/dhruvmillu/received_events","type":"User","site_admin":false,"name":"Dhruv Millu","company":null,"blog":"","location":null,"email":"dhruvmillu@gmail.com","hireable":true,"bio":null,"twitter_username":null,"public_repos":6,"public_gists":0,"followers":7,"following":4,"created_at":"2020-11-29T20:15:39Z","updated_at":"2023-04-03T10:47:32Z","private_gists":0,"total_private_repos":9,"owned_private_repos":8,"disk_usage":22461,"collaborators":2,"two_factor_authentication":false,"plan":{"name":"pro","space":976562499,"collaborators":0,"private_repos":9999}}
[info] 
[info] +  Success! Logged into GitHub as dhruvmillu 
[info] 
